<?xml version="1.0" encoding="UTF-8"?>
<!-- Generated by org.testng.reporters.JUnitReportReporter -->
<testsuite hostname="DESKTOP-UUIGUPN" failures="0" tests="1" name="DemoTestng.APIrest" time="2.931" errors="0" timestamp="2022-09-19T15:57:55 GMT+01:00" skipped="0">
  <testcase classname="DemoTestng.APIrest" name="test6" time="2.931"/>
  <system-out/>
</testsuite> <!-- DemoTestng.APIrest -->
