<?xml version="1.0" encoding="UTF-8"?>
<!-- Generated by org.testng.reporters.JUnitReportReporter -->
<testsuite hostname="DESKTOP-UUIGUPN" failures="0" tests="1" name="DemoTestng.UpdateMethod" time="2.704" errors="0" timestamp="2022-09-22T22:20:13 GMT+01:00" skipped="0">
  <testcase classname="DemoTestng.UpdateMethod" name="Test1" time="2.704"/>
  <system-out/>
</testsuite> <!-- DemoTestng.UpdateMethod -->
