<?xml version="1.0" encoding="UTF-8"?>
<!-- Generated by org.testng.reporters.JUnitReportReporter -->
<testsuite hostname="DESKTOP-UUIGUPN" failures="0" tests="1" name="DemoTestng.DeleteMethod" time="2.623" errors="0" timestamp="2022-09-22T20:44:16 GMT+01:00" skipped="0">
  <testcase classname="DemoTestng.DeleteMethod" name="test5" time="2.623"/>
  <system-out/>
</testsuite> <!-- DemoTestng.DeleteMethod -->
