<?xml version="1.0" encoding="UTF-8"?>
<!-- Generated by org.testng.reporters.JUnitReportReporter -->
<testsuite hostname="DESKTOP-UUIGUPN" failures="0" tests="1" name="APISuitTest.GetUsers" time="2.929" errors="0" timestamp="2022-09-23T01:01:45 GMT+01:00" skipped="0">
  <testcase classname="APISuitTest.GetUsers" name="getUsers" time="2.929"/>
  <system-out/>
</testsuite> <!-- APISuitTest.GetUsers -->
