<?xml version="1.0" encoding="UTF-8"?>
<!-- Generated by org.testng.reporters.JUnitReportReporter -->
<testsuite hostname="DESKTOP-UUIGUPN" failures="0" tests="1" name="APISuitTest.CreateMethod" time="2.850" errors="0" timestamp="2022-09-23T01:16:25 GMT+01:00" skipped="0">
  <testcase classname="APISuitTest.CreateMethod" name="Test1" time="2.850"/>
  <system-out/>
</testsuite> <!-- APISuitTest.CreateMethod -->
