<?xml version="1.0" encoding="UTF-8"?>
<!-- Generated by org.testng.reporters.JUnitReportReporter -->
<testsuite hostname="DESKTOP-UUIGUPN" failures="0" tests="1" name="APISuitTest.DeleteMethod" time="2.840" errors="0" timestamp="2022-09-25T01:32:50 GMT+01:00" skipped="0">
  <testcase classname="APISuitTest.DeleteMethod" name="deleteEmployee" time="2.840"/>
  <system-out/>
</testsuite> <!-- APISuitTest.DeleteMethod -->
