<?xml version="1.0" encoding="UTF-8"?>
<!-- Generated by org.testng.reporters.JUnitReportReporter -->
<testsuite hostname="DESKTOP-UUIGUPN" failures="0" tests="1" name="DemoTestng.Titre1" time="10.405" errors="0" timestamp="2022-08-19T15:29:38 GMT+01:00" skipped="0">
  <testcase classname="DemoTestng.Titre1" name="Test4" time="10.405"/>
  <system-out/>
</testsuite> <!-- DemoTestng.Titre1 -->
