<?xml version="1.0" encoding="UTF-8"?>
<!-- Generated by org.testng.reporters.JUnitReportReporter -->
<testsuite hostname="DESKTOP-UUIGUPN" failures="0" tests="1" name="DemoTestng.GetUsers" time="2.763" errors="0" timestamp="2022-09-22T22:34:11 GMT+01:00" skipped="0">
  <testcase classname="DemoTestng.GetUsers" name="getUsers" time="2.763"/>
  <system-out/>
</testsuite> <!-- DemoTestng.GetUsers -->
