<?xml version="1.0" encoding="UTF-8"?>
<!-- Generated by org.testng.reporters.JUnitReportReporter -->
<testsuite hostname="DESKTOP-UUIGUPN" failures="0" tests="1" name="APISuitTest.UpdateMethod" time="0.643" errors="0" timestamp="2022-09-25T01:32:50 GMT+01:00" skipped="0">
  <testcase classname="APISuitTest.UpdateMethod" name="updateElement" time="0.643"/>
  <system-out/>
</testsuite> <!-- APISuitTest.UpdateMethod -->
