<?xml version="1.0" encoding="UTF-8"?>
<!-- Generated by org.testng.reporters.JUnitReportReporter -->
<testsuite hostname="DESKTOP-UUIGUPN" failures="0" tests="3" name="DemoTestng.Pack1" time="38.282" errors="0" timestamp="2022-08-19T15:51:53 GMT+01:00" skipped="0">
  <testcase classname="DemoTestng.Pack1" name="test1" time="10.200"/>
  <system-out/>
  <testcase classname="DemoTestng.Pack1" name="test1" time="10.290"/>
  <system-out/>
  <testcase classname="DemoTestng.Pack1" name="test1" time="17.792"/>
  <system-out/>
</testsuite> <!-- DemoTestng.Pack1 -->
