<?xml version="1.0" encoding="UTF-8"?>
<!-- Generated by org.testng.reporters.JUnitReportReporter -->
<testsuite hostname="DESKTOP-UUIGUPN" failures="0" tests="1" name="APISuitTest.DeleteMethod" time="6.278" errors="0" timestamp="2023-09-23T00:22:08 GMT+01:00" skipped="0">
  <testcase classname="APISuitTest.DeleteMethod" name="deleteEmployee" time="6.278"/>
  <system-out/>
</testsuite> <!-- APISuitTest.DeleteMethod -->
